<?xml version="1.0" encoding="UTF-8"?>
<testng-results skipped="0" failed="0" ignored="0" total="1" passed="1">
  <reporter-output>
  </reporter-output>
  <suite name="Suite" duration-ms="19164" started-at="2019-03-31T08:25:56Z" finished-at="2019-03-31T08:26:15Z">
    <groups>
    </groups>
    <test name="Login guru on Chrome" duration-ms="19164" started-at="2019-03-31T08:25:56Z" finished-at="2019-03-31T08:26:15Z">
      <class name="com.bankguru.testcases.NewCustomerScripts">
        <test-method status="PASS" signature="beforeClass(java.lang.String, java.lang.String, java.lang.String)[pri:0, instance:com.bankguru.testcases.NewCustomerScripts@6a4f787b]" name="beforeClass" is-config="true" duration-ms="17535" started-at="2019-03-31T08:25:56Z" finished-at="2019-03-31T08:26:13Z">
          <params>
            <param index="0">
              <value>
                <![CDATA[chrome]]>
              </value>
            </param>
            <param index="1">
              <value>
                <![CDATA[2.46]]>
              </value>
            </param>
            <param index="2">
              <value>
                <![CDATA[http://demo.guru99.com/v4]]>
              </value>
            </param>
          </params>
          <reporter-output>
          </reporter-output>
        </test-method> <!-- beforeClass -->
        <test-method status="PASS" signature="beforeMethod()[pri:0, instance:com.bankguru.testcases.NewCustomerScripts@6a4f787b]" name="beforeMethod" is-config="true" duration-ms="1285" started-at="2019-03-31T08:26:13Z" finished-at="2019-03-31T08:26:15Z">
          <reporter-output>
          </reporter-output>
        </test-method> <!-- beforeMethod -->
        <test-method status="PASS" signature="TC_01()[pri:0, instance:com.bankguru.testcases.NewCustomerScripts@6a4f787b]" name="TC_01" duration-ms="330" started-at="2019-03-31T08:26:15Z" finished-at="2019-03-31T08:26:15Z">
          <reporter-output>
          </reporter-output>
        </test-method> <!-- TC_01 -->
        <test-method status="PASS" signature="afterClass()[pri:0, instance:com.bankguru.testcases.NewCustomerScripts@6a4f787b]" name="afterClass" is-config="true" duration-ms="0" started-at="2019-03-31T08:26:15Z" finished-at="2019-03-31T08:26:15Z">
          <reporter-output>
          </reporter-output>
        </test-method> <!-- afterClass -->
      </class> <!-- com.bankguru.testcases.NewCustomerScripts -->
    </test> <!-- Login guru on Chrome -->
  </suite> <!-- Suite -->
</testng-results>
